# JRE version: Java(TM) SE Runtime Environment (21.0.4+8) (build 21.0.4+8-LTS-274)
# Java VM: Java HotSpot(TM) 64-Bit Server VM (21.0.4+8-LTS-274, mixed mode, emulated-client, sharing, tiered, compressed oops, compressed class ptrs, g1 gc, windows-amd64)
GC Precious Log:
 CardTable entry size: 512
 Card Set container configuration: InlinePtr #cards 4 size 8 Array Of Cards #cards 32 size 80 Howl #buckets 8 coarsen threshold 7372 Howl Bitmap #cards 1024 size 144 coarsen threshold 921 Card regions per heap region 1 cards per card region 8192
 CPUs: 12 total, 12 available
 Memory: 32400M
 Large Page Support: Disabled
 NUMA Support: Disabled
 Compressed Oops: Enabled (Zero based)
 Heap Region Size: 4M
 Heap Min Capacity: 8M
 Heap Initial Capacity: 508M
 Heap Max Capacity: 8104M
 Pre-touch: Disabled
 Parallel Workers: 10
 Concurrent Workers: 3
 Concurrent Refinement Workers: 10
 Periodic GC: Disabled
Heap:
 garbage-first heap   total 81920K, used 58437K [0x0000000605800000, 0x0000000800000000)
  region size 4096K, 9 young (36864K), 2 survivors (8192K)
 Metaspace       used 74169K, committed 74944K, reserved 1114112K
  class space    used 10402K, committed 10752K, reserved 1048576K
GC Heap History (20 events):
Event: 1.014 GC heap before
{Heap before GC invocations=2 (full 0):
 garbage-first heap   total 520192K, used 49876K [0x0000000605800000, 0x0000000800000000)
  region size 4096K, 13 young (53248K), 1 survivors (4096K)
 Metaspace       used 17292K, committed 17664K, reserved 1114112K
  class space    used 2307K, committed 2496K, reserved 1048576K
}
Event: 1.018 GC heap after
{Heap after GC invocations=3 (full 0):
 garbage-first heap   total 520192K, used 14316K [0x0000000605800000, 0x0000000800000000)
  region size 4096K, 2 young (8192K), 2 survivors (8192K)
 Metaspace       used 17292K, committed 17664K, reserved 1114112K
  class space    used 2307K, committed 2496K, reserved 1048576K
}
Event: 1.376 GC heap before
{Heap before GC invocations=4 (full 0):
 garbage-first heap   total 69632K, used 47084K [0x0000000605800000, 0x0000000800000000)
  region size 4096K, 10 young (40960K), 2 survivors (8192K)
 Metaspace       used 22020K, committed 22400K, reserved 1114112K
  class space    used 2966K, committed 3136K, reserved 1048576K
}
Event: 1.383 GC heap after
{Heap after GC invocations=5 (full 0):
 garbage-first heap   total 69632K, used 15730K [0x0000000605800000, 0x0000000800000000)
  region size 4096K, 1 young (4096K), 1 survivors (4096K)
 Metaspace       used 22020K, committed 22400K, reserved 1114112K
  class space    used 2966K, committed 3136K, reserved 1048576K
}
Event: 1.744 GC heap before
{Heap before GC invocations=5 (full 0):
 garbage-first heap   total 69632K, used 44402K [0x0000000605800000, 0x0000000800000000)
  region size 4096K, 8 young (32768K), 1 survivors (4096K)
 Metaspace       used 27193K, committed 27712K, reserved 1114112K
  class space    used 3702K, committed 3904K, reserved 1048576K
}
Event: 1.750 GC heap after
{Heap after GC invocations=6 (full 0):
 garbage-first heap   total 69632K, used 18907K [0x0000000605800000, 0x0000000800000000)
  region size 4096K, 1 young (4096K), 1 survivors (4096K)
 Metaspace       used 27193K, committed 27712K, reserved 1114112K
  class space    used 3702K, committed 3904K, reserved 1048576K
}
Event: 1.846 GC heap before
{Heap before GC invocations=6 (full 0):
 garbage-first heap   total 69632K, used 27099K [0x0000000605800000, 0x0000000800000000)
  region size 4096K, 4 young (16384K), 1 survivors (4096K)
 Metaspace       used 28921K, committed 29440K, reserved 1114112K
  class space    used 3935K, committed 4160K, reserved 1048576K
}
Event: 1.850 GC heap after
{Heap after GC invocations=7 (full 0):
 garbage-first heap   total 294912K, used 19385K [0x0000000605800000, 0x0000000800000000)
  region size 4096K, 1 young (4096K), 1 survivors (4096K)
 Metaspace       used 28921K, committed 29440K, reserved 1114112K
  class space    used 3935K, committed 4160K, reserved 1048576K
}
Event: 2.503 GC heap before
{Heap before GC invocations=8 (full 0):
 garbage-first heap   total 81920K, used 64441K [0x0000000605800000, 0x0000000800000000)
  region size 4096K, 12 young (49152K), 1 survivors (4096K)
 Metaspace       used 44782K, committed 45248K, reserved 1114112K
  class space    used 6141K, committed 6336K, reserved 1048576K
}
Event: 2.508 GC heap after
{Heap after GC invocations=9 (full 0):
 garbage-first heap   total 81920K, used 22591K [0x0000000605800000, 0x0000000800000000)
  region size 4096K, 2 young (8192K), 2 survivors (8192K)
 Metaspace       used 44782K, committed 45248K, reserved 1114112K
  class space    used 6141K, committed 6336K, reserved 1048576K
}
Event: 2.704 GC heap before
{Heap before GC invocations=9 (full 0):
 garbage-first heap   total 81920K, used 38975K [0x0000000605800000, 0x0000000800000000)
  region size 4096K, 7 young (28672K), 2 survivors (8192K)
 Metaspace       used 48730K, committed 49280K, reserved 1114112K
  class space    used 6598K, committed 6848K, reserved 1048576K
}
Event: 2.711 GC heap after
{Heap after GC invocations=10 (full 0):
 garbage-first heap   total 81920K, used 23538K [0x0000000605800000, 0x0000000800000000)
  region size 4096K, 2 young (8192K), 2 survivors (8192K)
 Metaspace       used 48730K, committed 49280K, reserved 1114112K
  class space    used 6598K, committed 6848K, reserved 1048576K
}
Event: 2.721 GC heap before
{Heap before GC invocations=10 (full 0):
 garbage-first heap   total 81920K, used 23538K [0x0000000605800000, 0x0000000800000000)
  region size 4096K, 3 young (12288K), 2 survivors (8192K)
 Metaspace       used 49056K, committed 49600K, reserved 1114112K
  class space    used 6802K, committed 7040K, reserved 1048576K
}
Event: 2.725 GC heap after
{Heap after GC invocations=11 (full 0):
 garbage-first heap   total 81920K, used 23486K [0x0000000605800000, 0x0000000800000000)
  region size 4096K, 1 young (4096K), 1 survivors (4096K)
 Metaspace       used 49056K, committed 49600K, reserved 1114112K
  class space    used 6802K, committed 7040K, reserved 1048576K
}
Event: 3.185 GC heap before
{Heap before GC invocations=12 (full 0):
 garbage-first heap   total 81920K, used 64446K [0x0000000605800000, 0x0000000800000000)
  region size 4096K, 11 young (45056K), 1 survivors (4096K)
 Metaspace       used 56808K, committed 57472K, reserved 1114112K
  class space    used 7945K, committed 8256K, reserved 1048576K
}
Event: 3.189 GC heap after
{Heap after GC invocations=13 (full 0):
 garbage-first heap   total 81920K, used 26091K [0x0000000605800000, 0x0000000800000000)
  region size 4096K, 1 young (4096K), 1 survivors (4096K)
 Metaspace       used 56808K, committed 57472K, reserved 1114112K
  class space    used 7945K, committed 8256K, reserved 1048576K
}
Event: 5.135 GC heap before
{Heap before GC invocations=13 (full 0):
 garbage-first heap   total 81920K, used 67051K [0x0000000605800000, 0x0000000800000000)
  region size 4096K, 11 young (45056K), 1 survivors (4096K)
 Metaspace       used 61692K, committed 62400K, reserved 1114112K
  class space    used 8613K, committed 8896K, reserved 1048576K
}
Event: 5.141 GC heap after
{Heap after GC invocations=14 (full 0):
 garbage-first heap   total 81920K, used 29752K [0x0000000605800000, 0x0000000800000000)
  region size 4096K, 2 young (8192K), 2 survivors (8192K)
 Metaspace       used 61692K, committed 62400K, reserved 1114112K
  class space    used 8613K, committed 8896K, reserved 1048576K
}
Event: 5.517 GC heap before
{Heap before GC invocations=14 (full 0):
 garbage-first heap   total 81920K, used 66616K [0x0000000605800000, 0x0000000800000000)
  region size 4096K, 11 young (45056K), 2 survivors (8192K)
 Metaspace       used 67642K, committed 68416K, reserved 1114112K
  class space    used 9510K, committed 9856K, reserved 1048576K
}
Event: 5.528 GC heap after
{Heap after GC invocations=15 (full 0):
 garbage-first heap   total 81920K, used 33861K [0x0000000605800000, 0x0000000800000000)
  region size 4096K, 2 young (8192K), 2 survivors (8192K)
 Metaspace       used 67642K, committed 68416K, reserved 1114112K
  class space    used 9510K, committed 9856K, reserved 1048576K
}

